============================= test session starts ==============================
platform darwin -- Python 3.13.13, pytest-9.0.3, pluggy-1.6.0
rootdir: /Users/roop/Documents/Codepath/ai110-module1show-gameglitchinvestigator-starter
plugins: anyio-4.13.0
collected 70 items

tests/test_game_logic.py ............................................... [ 67%]
.......................                                                  [100%]

============================== 70 passed in 0.03s ==============================
